2018-01-03 12:23:12.689 [http-nio-8080-exec-5] INFO  com.alibaba.druid.pool.DruidDataSource - {dataSource-1} inited
2018-01-03 13:01:16.781 [http-nio-8080-exec-5] ERROR org.springframework.web.servlet.tags.form.OptionsTag - Type [java.lang.String] is not valid for option items
javax.servlet.jsp.JspException: Type [java.lang.String] is not valid for option items
	at org.springframework.web.servlet.tags.form.OptionWriter.writeOptions(OptionWriter.java:143) ~[spring-webmvc-5.0.2.RELEASE.jar:5.0.2.RELEASE]
	at org.springframework.web.servlet.tags.form.OptionsTag.writeTagContent(OptionsTag.java:310) ~[spring-webmvc-5.0.2.RELEASE.jar:5.0.2.RELEASE]
	at org.springframework.web.servlet.tags.form.AbstractFormTag.doStartTagInternal(AbstractFormTag.java:86) ~[spring-webmvc-5.0.2.RELEASE.jar:5.0.2.RELEASE]
	at org.springframework.web.servlet.tags.RequestContextAwareTag.doStartTag(RequestContextAwareTag.java:83) [spring-webmvc-5.0.2.RELEASE.jar:5.0.2.RELEASE]
	at org.apache.jsp.WEB_002dINF.manager.add_005fbook_jsp._jspx_meth_form_005foptions_005f0(add_005fbook_jsp.java:452) [books/:?]
	at org.apache.jsp.WEB_002dINF.manager.add_005fbook_jsp._jspx_meth_form_005fselect_005f0(add_005fbook_jsp.java:407) [books/:?]
	at org.apache.jsp.WEB_002dINF.manager.add_005fbook_jsp._jspx_meth_form_005fform_005f0(add_005fbook_jsp.java:262) [books/:?]
	at org.apache.jsp.WEB_002dINF.manager.add_005fbook_jsp._jspService(add_005fbook_jsp.java:187) [books/:?]
	at org.apache.jasper.runtime.HttpJspBase.service(HttpJspBase.java:70) [jasper.jar:9.0.2]
	at javax.servlet.http.HttpServlet.service(HttpServlet.java:741) [servlet-api.jar:?]
	at org.apache.jasper.servlet.JspServletWrapper.service(JspServletWrapper.java:444) [jasper.jar:9.0.2]
	at org.apache.jasper.servlet.JspServlet._serviceJspFile(JspServlet.java:386) [jasper.jar:9.0.2]
	at org.apache.jasper.servlet.JspServlet.serviceJspFile(JspServlet.java) [jasper.jar:9.0.2]
	at org.apache.jasper.servlet.JspServlet.service(JspServlet.java:330) [jasper.jar:9.0.2]
	at javax.servlet.http.HttpServlet.service(HttpServlet.java:741) [servlet-api.jar:?]
	at org.apache.catalina.core.ApplicationFilterChain.internalDoFilter(ApplicationFilterChain.java:231) [catalina.jar:9.0.2]
	at org.apache.catalina.core.ApplicationFilterChain.doFilter(ApplicationFilterChain.java:166) [catalina.jar:9.0.2]
	at org.apache.tomcat.websocket.server.WsFilter.doFilter(WsFilter.java:53) [tomcat-websocket.jar:9.0.2]
	at org.apache.catalina.core.ApplicationFilterChain.internalDoFilter(ApplicationFilterChain.java:193) [catalina.jar:9.0.2]
	at org.apache.catalina.core.ApplicationFilterChain.doFilter(ApplicationFilterChain.java:166) [catalina.jar:9.0.2]
	at org.apache.logging.log4j.web.Log4jServletFilter.doFilter(Log4jServletFilter.java:64) [log4j-web-2.9.1.jar:2.9.1]
	at org.apache.catalina.core.ApplicationFilterChain.internalDoFilter(ApplicationFilterChain.java:193) [catalina.jar:9.0.2]
	at org.apache.catalina.core.ApplicationFilterChain.doFilter(ApplicationFilterChain.java:166) [catalina.jar:9.0.2]
	at org.apache.catalina.core.ApplicationDispatcher.invoke(ApplicationDispatcher.java:710) [catalina.jar:9.0.2]
	at org.apache.catalina.core.ApplicationDispatcher.processRequest(ApplicationDispatcher.java:459) [catalina.jar:9.0.2]
	at org.apache.catalina.core.ApplicationDispatcher.doForward(ApplicationDispatcher.java:384) [catalina.jar:9.0.2]
	at org.apache.catalina.core.ApplicationDispatcher.forward(ApplicationDispatcher.java:312) [catalina.jar:9.0.2]
	at org.springframework.web.servlet.view.InternalResourceView.renderMergedOutputModel(InternalResourceView.java:170) [spring-webmvc-5.0.2.RELEASE.jar:5.0.2.RELEASE]
	at org.springframework.web.servlet.view.AbstractView.render(AbstractView.java:314) [spring-webmvc-5.0.2.RELEASE.jar:5.0.2.RELEASE]
	at org.springframework.web.servlet.DispatcherServlet.render(DispatcherServlet.java:1325) [spring-webmvc-5.0.2.RELEASE.jar:5.0.2.RELEASE]
	at org.springframework.web.servlet.DispatcherServlet.processDispatchResult(DispatcherServlet.java:1069) [spring-webmvc-5.0.2.RELEASE.jar:5.0.2.RELEASE]
	at org.springframework.web.servlet.DispatcherServlet.doDispatch(DispatcherServlet.java:1008) [spring-webmvc-5.0.2.RELEASE.jar:5.0.2.RELEASE]
	at org.springframework.web.servlet.DispatcherServlet.doService(DispatcherServlet.java:925) [spring-webmvc-5.0.2.RELEASE.jar:5.0.2.RELEASE]
	at org.springframework.web.servlet.FrameworkServlet.processRequest(FrameworkServlet.java:978) [spring-webmvc-5.0.2.RELEASE.jar:5.0.2.RELEASE]
	at org.springframework.web.servlet.FrameworkServlet.doGet(FrameworkServlet.java:870) [spring-webmvc-5.0.2.RELEASE.jar:5.0.2.RELEASE]
	at javax.servlet.http.HttpServlet.service(HttpServlet.java:634) [servlet-api.jar:?]
	at org.springframework.web.servlet.FrameworkServlet.service(FrameworkServlet.java:855) [spring-webmvc-5.0.2.RELEASE.jar:5.0.2.RELEASE]
	at javax.servlet.http.HttpServlet.service(HttpServlet.java:741) [servlet-api.jar:?]
	at org.apache.catalina.core.ApplicationFilterChain.internalDoFilter(ApplicationFilterChain.java:231) [catalina.jar:9.0.2]
	at org.apache.catalina.core.ApplicationFilterChain.doFilter(ApplicationFilterChain.java:166) [catalina.jar:9.0.2]
	at org.apache.tomcat.websocket.server.WsFilter.doFilter(WsFilter.java:53) [tomcat-websocket.jar:9.0.2]
	at org.apache.catalina.core.ApplicationFilterChain.internalDoFilter(ApplicationFilterChain.java:193) [catalina.jar:9.0.2]
	at org.apache.catalina.core.ApplicationFilterChain.doFilter(ApplicationFilterChain.java:166) [catalina.jar:9.0.2]
	at org.springframework.web.filter.CharacterEncodingFilter.doFilterInternal(CharacterEncodingFilter.java:200) [spring-web-5.0.2.RELEASE.jar:5.0.2.RELEASE]
	at org.springframework.web.filter.OncePerRequestFilter.doFilter(OncePerRequestFilter.java:107) [spring-web-5.0.2.RELEASE.jar:5.0.2.RELEASE]
	at org.apache.catalina.core.ApplicationFilterChain.internalDoFilter(ApplicationFilterChain.java:193) [catalina.jar:9.0.2]
	at org.apache.catalina.core.ApplicationFilterChain.doFilter(ApplicationFilterChain.java:166) [catalina.jar:9.0.2]
	at org.apache.logging.log4j.web.Log4jServletFilter.doFilter(Log4jServletFilter.java:71) [log4j-web-2.9.1.jar:2.9.1]
	at org.apache.catalina.core.ApplicationFilterChain.internalDoFilter(ApplicationFilterChain.java:193) [catalina.jar:9.0.2]
	at org.apache.catalina.core.ApplicationFilterChain.doFilter(ApplicationFilterChain.java:166) [catalina.jar:9.0.2]
	at org.apache.catalina.core.StandardWrapperValve.invoke(StandardWrapperValve.java:199) [catalina.jar:9.0.2]
	at org.apache.catalina.core.StandardContextValve.__invoke(StandardContextValve.java:96) [catalina.jar:9.0.2]
	at org.apache.catalina.core.StandardContextValve.invoke(StandardContextValve.java) [catalina.jar:9.0.2]
	at org.apache.catalina.authenticator.AuthenticatorBase.invoke(AuthenticatorBase.java:502) [catalina.jar:9.0.2]
	at org.apache.catalina.core.StandardHostValve.invoke(StandardHostValve.java:140) [catalina.jar:9.0.2]
	at org.apache.catalina.valves.ErrorReportValve.invoke(ErrorReportValve.java:81) [catalina.jar:9.0.2]
	at org.apache.catalina.valves.AbstractAccessLogValve.invoke(AbstractAccessLogValve.java:651) [catalina.jar:9.0.2]
	at org.apache.catalina.core.StandardEngineValve.invoke(StandardEngineValve.java:87) [catalina.jar:9.0.2]
	at org.apache.catalina.connector.CoyoteAdapter.service(CoyoteAdapter.java:342) [catalina.jar:9.0.2]
	at org.apache.coyote.http11.Http11Processor.service(Http11Processor.java:501) [tomcat-coyote.jar:9.0.2]
	at org.apache.coyote.AbstractProcessorLight.process(AbstractProcessorLight.java:66) [tomcat-coyote.jar:9.0.2]
	at org.apache.coyote.AbstractProtocol$ConnectionHandler.process(AbstractProtocol.java:754) [tomcat-coyote.jar:9.0.2]
	at org.apache.tomcat.util.net.NioEndpoint$SocketProcessor.doRun(NioEndpoint.java:1376) [tomcat-coyote.jar:9.0.2]
	at org.apache.tomcat.util.net.SocketProcessorBase.run(SocketProcessorBase.java:49) [tomcat-coyote.jar:9.0.2]
	at java.util.concurrent.ThreadPoolExecutor.runWorker(ThreadPoolExecutor.java:1149) [?:1.8.0_152]
	at java.util.concurrent.ThreadPoolExecutor$Worker.run(ThreadPoolExecutor.java:624) [?:1.8.0_152]
	at org.apache.tomcat.util.threads.TaskThread$WrappingRunnable.run(TaskThread.java:61) [tomcat-util.jar:9.0.2]
	at java.lang.Thread.run(Thread.java:748) [?:1.8.0_152]
2018-01-03 13:07:54.500 [http-nio-8080-exec-3] INFO  com.alibaba.druid.pool.DruidDataSource - {dataSource-1} inited
2018-01-03 14:05:58.860 [main] INFO  com.alibaba.druid.pool.DruidDataSource - {dataSource-1} inited
2018-01-03 14:05:59.119 [Thread-3] INFO  com.alibaba.druid.pool.DruidDataSource - {dataSource-1} closed
2018-01-03 14:29:48.745 [http-nio-8080-exec-5] INFO  com.alibaba.druid.pool.DruidDataSource - {dataSource-1} inited
2018-01-03 17:38:10.537 [http-nio-8080-exec-7] INFO  com.alibaba.druid.pool.DruidDataSource - {dataSource-1} inited
2018-01-03 18:09:42.299 [http-nio-8080-exec-6] ERROR com.jzw.book.controller.ImagesController - 转存 及 保存 文件到本地/数据库中出现错误
org.springframework.dao.DataIntegrityViolationException: 
### Error updating database.  Cause: java.sql.SQLException: Field 'book_id' doesn't have a default value
### The error may involve com.jzw.book.mapper.ImagesMapper.insertSelective-Inline
### The error occurred while setting parameters
### SQL: insert into b_images      ( img_name )       values ( ? )
### Cause: java.sql.SQLException: Field 'book_id' doesn't have a default value
; ]; Field 'book_id' doesn't have a default value; nested exception is java.sql.SQLException: Field 'book_id' doesn't have a default value
	at org.springframework.jdbc.support.SQLErrorCodeSQLExceptionTranslator.doTranslate(SQLErrorCodeSQLExceptionTranslator.java:247) ~[spring-jdbc-5.0.2.RELEASE.jar:5.0.2.RELEASE]
	at org.springframework.jdbc.support.AbstractFallbackSQLExceptionTranslator.translate(AbstractFallbackSQLExceptionTranslator.java:72) ~[spring-jdbc-5.0.2.RELEASE.jar:5.0.2.RELEASE]
	at org.mybatis.spring.MyBatisExceptionTranslator.translateExceptionIfPossible(MyBatisExceptionTranslator.java:73) ~[mybatis-spring-1.3.1.jar:1.3.1]
	at org.mybatis.spring.SqlSessionTemplate$SqlSessionInterceptor.invoke(SqlSessionTemplate.java:446) ~[mybatis-spring-1.3.1.jar:1.3.1]
	at com.sun.proxy.$Proxy38.insert(Unknown Source) ~[?:?]
	at org.mybatis.spring.SqlSessionTemplate.insert(SqlSessionTemplate.java:278) ~[mybatis-spring-1.3.1.jar:1.3.1]
	at org.apache.ibatis.binding.MapperMethod.execute(MapperMethod.java:57) ~[mybatis-3.4.5.jar:3.4.5]
	at org.apache.ibatis.binding.MapperProxy.invoke(MapperProxy.java:59) ~[mybatis-3.4.5.jar:3.4.5]
	at com.sun.proxy.$Proxy59.insertSelective(Unknown Source) ~[?:?]
	at com.jzw.book.service.impl.ImagesServiceImpl.saveImage(ImagesServiceImpl.java:52) ~[classes/:?]
	at sun.reflect.GeneratedMethodAccessor428.invoke(Unknown Source) ~[?:?]
	at sun.reflect.DelegatingMethodAccessorImpl.invoke(DelegatingMethodAccessorImpl.java) ~[?:201712200830]
	at java.lang.reflect.Method.invoke(Method.java:498) ~[?:1.8.0_152]
	at org.springframework.aop.support.AopUtils.invokeJoinpointUsingReflection(AopUtils.java:338) ~[spring-aop-5.0.2.RELEASE.jar:5.0.2.RELEASE]
	at org.springframework.aop.framework.ReflectiveMethodInvocation.invokeJoinpoint(ReflectiveMethodInvocation.java:197) ~[spring-aop-5.0.2.RELEASE.jar:5.0.2.RELEASE]
	at org.springframework.aop.framework.ReflectiveMethodInvocation.proceed(ReflectiveMethodInvocation.java:163) ~[spring-aop-5.0.2.RELEASE.jar:5.0.2.RELEASE]
	at org.springframework.transaction.interceptor.TransactionAspectSupport.invokeWithinTransaction(TransactionAspectSupport.java:294) ~[spring-tx-5.0.2.RELEASE.jar:5.0.2.RELEASE]
	at org.springframework.transaction.interceptor.TransactionInterceptor.invoke(TransactionInterceptor.java:98) ~[spring-tx-5.0.2.RELEASE.jar:5.0.2.RELEASE]
	at org.springframework.aop.framework.ReflectiveMethodInvocation.proceed(ReflectiveMethodInvocation.java:185) ~[spring-aop-5.0.2.RELEASE.jar:5.0.2.RELEASE]
	at org.springframework.aop.interceptor.ExposeInvocationInterceptor.invoke(ExposeInvocationInterceptor.java:92) ~[spring-aop-5.0.2.RELEASE.jar:5.0.2.RELEASE]
	at org.springframework.aop.framework.ReflectiveMethodInvocation.proceed(ReflectiveMethodInvocation.java:185) ~[spring-aop-5.0.2.RELEASE.jar:5.0.2.RELEASE]
	at org.springframework.aop.framework.JdkDynamicAopProxy.invoke(JdkDynamicAopProxy.java:212) ~[spring-aop-5.0.2.RELEASE.jar:5.0.2.RELEASE]
	at com.sun.proxy.$Proxy60.saveImage(Unknown Source) ~[?:?]
	at com.jzw.book.controller.ImagesController.addImage(ImagesController.java:76) [classes/:?]
	at sun.reflect.GeneratedMethodAccessor364.invoke(Unknown Source) ~[?:?]
	at sun.reflect.DelegatingMethodAccessorImpl.invoke(DelegatingMethodAccessorImpl.java) ~[?:201712200830]
	at java.lang.reflect.Method.invoke(Method.java:498) ~[?:1.8.0_152]
	at org.springframework.web.method.support.InvocableHandlerMethod.doInvoke(InvocableHandlerMethod.java:209) [spring-web-5.0.2.RELEASE.jar:5.0.2.RELEASE]
	at org.springframework.web.method.support.InvocableHandlerMethod.invokeForRequest(InvocableHandlerMethod.java:136) [spring-web-5.0.2.RELEASE.jar:5.0.2.RELEASE]
	at org.springframework.web.servlet.mvc.method.annotation.ServletInvocableHandlerMethod.invokeAndHandle(ServletInvocableHandlerMethod.java:102) [spring-webmvc-5.0.2.RELEASE.jar:5.0.2.RELEASE]
	at org.springframework.web.servlet.mvc.method.annotation.RequestMappingHandlerAdapter.invokeHandlerMethod(RequestMappingHandlerAdapter.java:871) [spring-webmvc-5.0.2.RELEASE.jar:5.0.2.RELEASE]
	at org.springframework.web.servlet.mvc.method.annotation.RequestMappingHandlerAdapter.handleInternal(RequestMappingHandlerAdapter.java:777) [spring-webmvc-5.0.2.RELEASE.jar:5.0.2.RELEASE]
	at org.springframework.web.servlet.mvc.method.AbstractHandlerMethodAdapter.handle(AbstractHandlerMethodAdapter.java:87) [spring-webmvc-5.0.2.RELEASE.jar:5.0.2.RELEASE]
	at org.springframework.web.servlet.DispatcherServlet.doDispatch(DispatcherServlet.java:991) [spring-webmvc-5.0.2.RELEASE.jar:5.0.2.RELEASE]
	at org.springframework.web.servlet.DispatcherServlet.doService(DispatcherServlet.java:925) [spring-webmvc-5.0.2.RELEASE.jar:5.0.2.RELEASE]
	at org.springframework.web.servlet.FrameworkServlet.processRequest(FrameworkServlet.java:978) [spring-webmvc-5.0.2.RELEASE.jar:5.0.2.RELEASE]
	at org.springframework.web.servlet.FrameworkServlet.doPost(FrameworkServlet.java:881) [spring-webmvc-5.0.2.RELEASE.jar:5.0.2.RELEASE]
	at javax.servlet.http.HttpServlet.service(HttpServlet.java:660) [servlet-api.jar:?]
	at org.springframework.web.servlet.FrameworkServlet.service(FrameworkServlet.java:855) [spring-webmvc-5.0.2.RELEASE.jar:5.0.2.RELEASE]
	at javax.servlet.http.HttpServlet.service(HttpServlet.java:741) [servlet-api.jar:?]
	at org.apache.catalina.core.ApplicationFilterChain.internalDoFilter(ApplicationFilterChain.java:231) [catalina.jar:9.0.2]
	at org.apache.catalina.core.ApplicationFilterChain.doFilter(ApplicationFilterChain.java:166) [catalina.jar:9.0.2]
	at org.apache.tomcat.websocket.server.WsFilter.doFilter(WsFilter.java:53) [tomcat-websocket.jar:9.0.2]
	at org.apache.catalina.core.ApplicationFilterChain.internalDoFilter(ApplicationFilterChain.java:193) [catalina.jar:9.0.2]
	at org.apache.catalina.core.ApplicationFilterChain.doFilter(ApplicationFilterChain.java:166) [catalina.jar:9.0.2]
	at org.springframework.web.filter.CharacterEncodingFilter.doFilterInternal(CharacterEncodingFilter.java:200) [spring-web-5.0.2.RELEASE.jar:5.0.2.RELEASE]
	at org.springframework.web.filter.OncePerRequestFilter.doFilter(OncePerRequestFilter.java:107) [spring-web-5.0.2.RELEASE.jar:5.0.2.RELEASE]
	at org.apache.catalina.core.ApplicationFilterChain.internalDoFilter(ApplicationFilterChain.java:193) [catalina.jar:9.0.2]
	at org.apache.catalina.core.ApplicationFilterChain.doFilter(ApplicationFilterChain.java:166) [catalina.jar:9.0.2]
	at org.apache.logging.log4j.web.Log4jServletFilter.doFilter(Log4jServletFilter.java:71) [log4j-web-2.9.1.jar:2.9.1]
	at org.apache.catalina.core.ApplicationFilterChain.internalDoFilter(ApplicationFilterChain.java:193) [catalina.jar:9.0.2]
	at org.apache.catalina.core.ApplicationFilterChain.doFilter(ApplicationFilterChain.java:166) [catalina.jar:9.0.2]
	at org.apache.catalina.core.StandardWrapperValve.invoke(StandardWrapperValve.java:199) [catalina.jar:9.0.2]
	at org.apache.catalina.core.StandardContextValve.__invoke(StandardContextValve.java:96) [catalina.jar:9.0.2]
	at org.apache.catalina.core.StandardContextValve.invoke(StandardContextValve.java) [catalina.jar:9.0.2]
	at org.apache.catalina.authenticator.AuthenticatorBase.invoke(AuthenticatorBase.java:502) [catalina.jar:9.0.2]
	at org.apache.catalina.core.StandardHostValve.invoke(StandardHostValve.java:140) [catalina.jar:9.0.2]
	at org.apache.catalina.valves.ErrorReportValve.invoke(ErrorReportValve.java:81) [catalina.jar:9.0.2]
	at org.apache.catalina.valves.AbstractAccessLogValve.invoke(AbstractAccessLogValve.java:651) [catalina.jar:9.0.2]
	at org.apache.catalina.core.StandardEngineValve.invoke(StandardEngineValve.java:87) [catalina.jar:9.0.2]
	at org.apache.catalina.connector.CoyoteAdapter.service(CoyoteAdapter.java:342) [catalina.jar:9.0.2]
	at org.apache.coyote.http11.Http11Processor.service(Http11Processor.java:501) [tomcat-coyote.jar:9.0.2]
	at org.apache.coyote.AbstractProcessorLight.process(AbstractProcessorLight.java:66) [tomcat-coyote.jar:9.0.2]
	at org.apache.coyote.AbstractProtocol$ConnectionHandler.process(AbstractProtocol.java:754) [tomcat-coyote.jar:9.0.2]
	at org.apache.tomcat.util.net.NioEndpoint$SocketProcessor.doRun(NioEndpoint.java:1376) [tomcat-coyote.jar:9.0.2]
	at org.apache.tomcat.util.net.SocketProcessorBase.run(SocketProcessorBase.java:49) [tomcat-coyote.jar:9.0.2]
	at java.util.concurrent.ThreadPoolExecutor.runWorker(ThreadPoolExecutor.java:1149) [?:1.8.0_152]
	at java.util.concurrent.ThreadPoolExecutor$Worker.run(ThreadPoolExecutor.java:624) [?:1.8.0_152]
	at org.apache.tomcat.util.threads.TaskThread$WrappingRunnable.run(TaskThread.java:61) [tomcat-util.jar:9.0.2]
	at java.lang.Thread.run(Thread.java:748) [?:1.8.0_152]
Caused by: java.sql.SQLException: Field 'book_id' doesn't have a default value
	at com.mysql.jdbc.SQLError.createSQLException(SQLError.java:964) ~[mysql-connector-java-5.1.43.jar:5.1.43]
	at com.mysql.jdbc.MysqlIO.checkErrorPacket(MysqlIO.java:3973) ~[mysql-connector-java-5.1.43.jar:5.1.43]
	at com.mysql.jdbc.MysqlIO.checkErrorPacket(MysqlIO.java:3909) ~[mysql-connector-java-5.1.43.jar:5.1.43]
	at com.mysql.jdbc.MysqlIO.sendCommand(MysqlIO.java:2527) ~[mysql-connector-java-5.1.43.jar:5.1.43]
	at com.mysql.jdbc.MysqlIO.sqlQueryDirect(MysqlIO.java:2680) ~[mysql-connector-java-5.1.43.jar:5.1.43]
	at com.mysql.jdbc.ConnectionImpl.execSQL(ConnectionImpl.java:2494) ~[mysql-connector-java-5.1.43.jar:5.1.43]
	at com.mysql.jdbc.PreparedStatement.executeInternal(PreparedStatement.java:1858) ~[mysql-connector-java-5.1.43.jar:5.1.43]
	at com.mysql.jdbc.PreparedStatement.execute(PreparedStatement.java:1197) ~[mysql-connector-java-5.1.43.jar:5.1.43]
	at com.alibaba.druid.filter.FilterChainImpl.preparedStatement_execute(FilterChainImpl.java:3051) ~[druid-1.1.6.jar:1.1.6]
	at com.alibaba.druid.filter.FilterEventAdapter.preparedStatement_execute(FilterEventAdapter.java:440) ~[druid-1.1.6.jar:1.1.6]
	at com.alibaba.druid.filter.FilterChainImpl.preparedStatement_execute(FilterChainImpl.java:3049) ~[druid-1.1.6.jar:1.1.6]
	at com.alibaba.druid.proxy.jdbc.PreparedStatementProxyImpl.execute(PreparedStatementProxyImpl.java:167) ~[druid-1.1.6.jar:1.1.6]
	at com.alibaba.druid.pool.DruidPooledPreparedStatement.execute(DruidPooledPreparedStatement.java:498) ~[druid-1.1.6.jar:1.1.6]
	at sun.reflect.GeneratedMethodAccessor271.invoke(Unknown Source) ~[?:?]
	at sun.reflect.DelegatingMethodAccessorImpl.invoke(DelegatingMethodAccessorImpl.java) ~[?:201712200830]
	at java.lang.reflect.Method.invoke(Method.java:498) ~[?:1.8.0_152]
	at org.apache.ibatis.logging.jdbc.PreparedStatementLogger.invoke(PreparedStatementLogger.java:59) ~[mybatis-3.4.5.jar:3.4.5]
	at com.sun.proxy.$Proxy55.execute(Unknown Source) ~[?:?]
	at org.apache.ibatis.executor.statement.PreparedStatementHandler.update(PreparedStatementHandler.java:46) ~[mybatis-3.4.5.jar:3.4.5]
	at org.apache.ibatis.executor.statement.RoutingStatementHandler.update(RoutingStatementHandler.java:74) ~[mybatis-3.4.5.jar:3.4.5]
	at org.apache.ibatis.executor.SimpleExecutor.doUpdate(SimpleExecutor.java:50) ~[mybatis-3.4.5.jar:3.4.5]
	at org.apache.ibatis.executor.BaseExecutor.update(BaseExecutor.java:117) ~[mybatis-3.4.5.jar:3.4.5]
	at org.apache.ibatis.executor.CachingExecutor.update(CachingExecutor.java:76) ~[mybatis-3.4.5.jar:3.4.5]
	at sun.reflect.GeneratedMethodAccessor430.invoke(Unknown Source) ~[?:?]
	at sun.reflect.DelegatingMethodAccessorImpl.invoke(DelegatingMethodAccessorImpl.java) ~[?:201712200830]
	at java.lang.reflect.Method.invoke(Method.java:498) ~[?:1.8.0_152]
	at org.apache.ibatis.plugin.Plugin.invoke(Plugin.java:63) ~[mybatis-3.4.5.jar:3.4.5]
	at com.sun.proxy.$Proxy53.update(Unknown Source) ~[?:?]
	at org.apache.ibatis.session.defaults.DefaultSqlSession.update(DefaultSqlSession.java:198) ~[mybatis-3.4.5.jar:3.4.5]
	at org.apache.ibatis.session.defaults.DefaultSqlSession.insert(DefaultSqlSession.java:185) ~[mybatis-3.4.5.jar:3.4.5]
	at sun.reflect.GeneratedMethodAccessor429.invoke(Unknown Source) ~[?:?]
	at sun.reflect.DelegatingMethodAccessorImpl.invoke(DelegatingMethodAccessorImpl.java) ~[?:201712200830]
	at java.lang.reflect.Method.invoke(Method.java:498) ~[?:1.8.0_152]
	at org.mybatis.spring.SqlSessionTemplate$SqlSessionInterceptor.invoke(SqlSessionTemplate.java:433) ~[mybatis-spring-1.3.1.jar:1.3.1]
	... 66 more
2018-01-03 19:02:57.639 [http-nio-8080-exec-6] INFO  com.alibaba.druid.pool.DruidDataSource - {dataSource-1} inited
2018-01-03 20:52:25.915 [main] INFO  com.alibaba.druid.pool.DruidDataSource - {dataSource-1} inited
2018-01-03 20:52:26.244 [Thread-3] INFO  com.alibaba.druid.pool.DruidDataSource - {dataSource-1} closed
2018-01-03 20:53:39.958 [main] INFO  com.alibaba.druid.pool.DruidDataSource - {dataSource-1} inited
2018-01-03 20:53:40.211 [Thread-3] INFO  com.alibaba.druid.pool.DruidDataSource - {dataSource-1} closed
2018-01-03 20:55:01.066 [main] INFO  com.alibaba.druid.pool.DruidDataSource - {dataSource-1} inited
2018-01-03 20:55:01.397 [Thread-3] INFO  com.alibaba.druid.pool.DruidDataSource - {dataSource-1} closed
2018-01-03 20:56:10.071 [main] INFO  com.alibaba.druid.pool.DruidDataSource - {dataSource-1} inited
2018-01-03 20:56:10.374 [Thread-3] INFO  com.alibaba.druid.pool.DruidDataSource - {dataSource-1} closed
2018-01-03 21:20:14.935 [main] INFO  com.alibaba.druid.pool.DruidDataSource - {dataSource-1} inited
2018-01-03 21:20:15.189 [Thread-3] INFO  com.alibaba.druid.pool.DruidDataSource - {dataSource-1} closed
2018-01-03 21:33:49.494 [main] INFO  com.alibaba.druid.pool.DruidDataSource - {dataSource-1} inited
2018-01-03 21:33:49.820 [Thread-3] INFO  com.alibaba.druid.pool.DruidDataSource - {dataSource-1} closed
2018-01-03 21:34:44.315 [main] INFO  com.alibaba.druid.pool.DruidDataSource - {dataSource-1} inited
2018-01-03 21:34:44.599 [Thread-3] INFO  com.alibaba.druid.pool.DruidDataSource - {dataSource-1} closed
2018-01-03 21:37:13.985 [main] INFO  com.alibaba.druid.pool.DruidDataSource - {dataSource-1} inited
2018-01-03 21:37:14.235 [Thread-3] INFO  com.alibaba.druid.pool.DruidDataSource - {dataSource-1} closed
2018-01-03 21:38:42.860 [main] INFO  com.alibaba.druid.pool.DruidDataSource - {dataSource-1} inited
2018-01-03 21:38:43.065 [Thread-3] INFO  com.alibaba.druid.pool.DruidDataSource - {dataSource-1} closed
