2018-01-07 18:00:14.022 [RMI TCP Connection(2)-127.0.0.1] ERROR org.springframework.web.context.ContextLoader - Context initialization failed
org.springframework.beans.factory.UnsatisfiedDependencyException: Error creating bean with name 'redisCache': Unsatisfied dependency expressed through field 'redisTemplate'; nested exception is org.springframework.beans.factory.NoSuchBeanDefinitionException: No qualifying bean of type 'org.springframework.data.redis.core.RedisTemplate<?, ?>' available: expected at least 1 bean which qualifies as autowire candidate. Dependency annotations: {@org.springframework.beans.factory.annotation.Autowired(required=true)}
	at org.springframework.beans.factory.annotation.AutowiredAnnotationBeanPostProcessor$AutowiredFieldElement.inject(AutowiredAnnotationBeanPostProcessor.java:586) ~[spring-beans-5.0.2.RELEASE.jar:5.0.2.RELEASE]
	at org.springframework.beans.factory.annotation.InjectionMetadata.inject(InjectionMetadata.java:91) ~[spring-beans-5.0.2.RELEASE.jar:5.0.2.RELEASE]
	at org.springframework.beans.factory.annotation.AutowiredAnnotationBeanPostProcessor.postProcessPropertyValues(AutowiredAnnotationBeanPostProcessor.java:372) ~[spring-beans-5.0.2.RELEASE.jar:5.0.2.RELEASE]
	at org.springframework.beans.factory.support.AbstractAutowireCapableBeanFactory.populateBean(AbstractAutowireCapableBeanFactory.java:1344) ~[spring-beans-5.0.2.RELEASE.jar:5.0.2.RELEASE]
	at org.springframework.beans.factory.support.AbstractAutowireCapableBeanFactory.doCreateBean(AbstractAutowireCapableBeanFactory.java:582) ~[spring-beans-5.0.2.RELEASE.jar:5.0.2.RELEASE]
	at org.springframework.beans.factory.support.AbstractAutowireCapableBeanFactory.createBean(AbstractAutowireCapableBeanFactory.java:502) ~[spring-beans-5.0.2.RELEASE.jar:5.0.2.RELEASE]
	at org.springframework.beans.factory.support.AbstractBeanFactory.lambda$doGetBean$0(AbstractBeanFactory.java:312) ~[spring-beans-5.0.2.RELEASE.jar:5.0.2.RELEASE]
	at org.springframework.beans.factory.support.DefaultSingletonBeanRegistry.getSingleton(DefaultSingletonBeanRegistry.java:228) ~[spring-beans-5.0.2.RELEASE.jar:5.0.2.RELEASE]
	at org.springframework.beans.factory.support.AbstractBeanFactory.doGetBean(AbstractBeanFactory.java:310) ~[spring-beans-5.0.2.RELEASE.jar:5.0.2.RELEASE]
	at org.springframework.beans.factory.support.AbstractBeanFactory.getBean(AbstractBeanFactory.java:200) ~[spring-beans-5.0.2.RELEASE.jar:5.0.2.RELEASE]
	at org.springframework.beans.factory.support.DefaultListableBeanFactory.preInstantiateSingletons(DefaultListableBeanFactory.java:758) ~[spring-beans-5.0.2.RELEASE.jar:5.0.2.RELEASE]
	at org.springframework.context.support.AbstractApplicationContext.finishBeanFactoryInitialization(AbstractApplicationContext.java:868) ~[spring-context-5.0.2.RELEASE.jar:5.0.2.RELEASE]
	at org.springframework.context.support.AbstractApplicationContext.__refresh(AbstractApplicationContext.java:549) ~[spring-context-5.0.2.RELEASE.jar:5.0.2.RELEASE]
	at org.springframework.context.support.AbstractApplicationContext.refresh(AbstractApplicationContext.java) ~[spring-context-5.0.2.RELEASE.jar:5.0.2.RELEASE]
	at org.springframework.web.context.ContextLoader.configureAndRefreshWebApplicationContext(ContextLoader.java:409) ~[spring-web-5.0.2.RELEASE.jar:5.0.2.RELEASE]
	at org.springframework.web.context.ContextLoader.initWebApplicationContext(ContextLoader.java:291) ~[spring-web-5.0.2.RELEASE.jar:5.0.2.RELEASE]
	at org.springframework.web.context.ContextLoaderListener.contextInitialized(ContextLoaderListener.java:103) ~[spring-web-5.0.2.RELEASE.jar:5.0.2.RELEASE]
	at org.apache.catalina.core.StandardContext.listenerStart(StandardContext.java:4643) ~[catalina.jar:9.0.2]
	at org.apache.catalina.core.StandardContext.startInternal(StandardContext.java:5105) ~[catalina.jar:9.0.2]
	at org.apache.catalina.util.LifecycleBase.start(LifecycleBase.java:183) ~[catalina.jar:9.0.2]
	at org.apache.catalina.core.ContainerBase.addChildInternal(ContainerBase.java:740) ~[catalina.jar:9.0.2]
	at org.apache.catalina.core.ContainerBase.addChild(ContainerBase.java:716) ~[catalina.jar:9.0.2]
	at org.apache.catalina.core.StandardHost.addChild(StandardHost.java:703) ~[catalina.jar:9.0.2]
	at org.apache.catalina.startup.HostConfig.manageApp(HostConfig.java:1726) ~[catalina.jar:9.0.2]
	at sun.reflect.NativeMethodAccessorImpl.invoke0(Native Method) ~[?:1.8.0_152]
	at sun.reflect.NativeMethodAccessorImpl.invoke(NativeMethodAccessorImpl.java:62) ~[?:1.8.0_152]
	at sun.reflect.DelegatingMethodAccessorImpl.__invoke(DelegatingMethodAccessorImpl.java:43) ~[?:1.8.0_152]
	at sun.reflect.DelegatingMethodAccessorImpl.invoke(DelegatingMethodAccessorImpl.java) ~[?:1.8.0_152]
	at sun.reflect.DelegatingMethodAccessorImpl.invoke(DelegatingMethodAccessorImpl.java) ~[?:1.8.0_152]
	at java.lang.reflect.Method.invoke(Method.java:498) ~[?:1.8.0_152]
	at org.apache.tomcat.util.modeler.BaseModelMBean.invoke(BaseModelMBean.java:287) ~[tomcat-coyote.jar:9.0.2]
	at com.sun.jmx.interceptor.DefaultMBeanServerInterceptor.invoke(DefaultMBeanServerInterceptor.java:819) ~[?:1.8.0_152]
	at com.sun.jmx.mbeanserver.JmxMBeanServer.invoke(JmxMBeanServer.java:801) ~[?:1.8.0_152]
	at org.apache.catalina.mbeans.MBeanFactory.createStandardContext(MBeanFactory.java:456) ~[catalina.jar:9.0.2]
	at org.apache.catalina.mbeans.MBeanFactory.createStandardContext(MBeanFactory.java:405) ~[catalina.jar:9.0.2]
	at sun.reflect.NativeMethodAccessorImpl.invoke0(Native Method) ~[?:1.8.0_152]
	at sun.reflect.NativeMethodAccessorImpl.invoke(NativeMethodAccessorImpl.java:62) ~[?:1.8.0_152]
	at sun.reflect.DelegatingMethodAccessorImpl.__invoke(DelegatingMethodAccessorImpl.java:43) ~[?:1.8.0_152]
	at sun.reflect.DelegatingMethodAccessorImpl.invoke(DelegatingMethodAccessorImpl.java) ~[?:1.8.0_152]
	at sun.reflect.DelegatingMethodAccessorImpl.invoke(DelegatingMethodAccessorImpl.java) ~[?:1.8.0_152]
	at java.lang.reflect.Method.invoke(Method.java:498) ~[?:1.8.0_152]
	at org.apache.tomcat.util.modeler.BaseModelMBean.invoke(BaseModelMBean.java:287) ~[tomcat-coyote.jar:9.0.2]
	at com.sun.jmx.interceptor.DefaultMBeanServerInterceptor.invoke(DefaultMBeanServerInterceptor.java:819) ~[?:1.8.0_152]
	at com.sun.jmx.mbeanserver.JmxMBeanServer.invoke(JmxMBeanServer.java:801) ~[?:1.8.0_152]
	at javax.management.remote.rmi.RMIConnectionImpl.doOperation(RMIConnectionImpl.java:1468) ~[?:1.8.0_152]
	at javax.management.remote.rmi.RMIConnectionImpl.access$300(RMIConnectionImpl.java:76) ~[?:1.8.0_152]
	at javax.management.remote.rmi.RMIConnectionImpl$PrivilegedOperation.run(RMIConnectionImpl.java:1309) ~[?:1.8.0_152]
	at javax.management.remote.rmi.RMIConnectionImpl.doPrivilegedOperation(RMIConnectionImpl.java:1401) ~[?:1.8.0_152]
	at javax.management.remote.rmi.RMIConnectionImpl.invoke(RMIConnectionImpl.java:829) ~[?:1.8.0_152]
	at sun.reflect.NativeMethodAccessorImpl.invoke0(Native Method) ~[?:1.8.0_152]
	at sun.reflect.NativeMethodAccessorImpl.invoke(NativeMethodAccessorImpl.java:62) ~[?:1.8.0_152]
	at sun.reflect.DelegatingMethodAccessorImpl.__invoke(DelegatingMethodAccessorImpl.java:43) ~[?:1.8.0_152]
	at sun.reflect.DelegatingMethodAccessorImpl.invoke(DelegatingMethodAccessorImpl.java) ~[?:1.8.0_152]
	at sun.reflect.DelegatingMethodAccessorImpl.invoke(DelegatingMethodAccessorImpl.java) ~[?:1.8.0_152]
	at java.lang.reflect.Method.invoke(Method.java:498) ~[?:1.8.0_152]
	at sun.rmi.server.UnicastServerRef.dispatch(UnicastServerRef.java:357) ~[?:1.8.0_152]
	at sun.rmi.transport.Transport$1.run(Transport.java:200) ~[?:1.8.0_152]
	at sun.rmi.transport.Transport$1.run(Transport.java:197) ~[?:1.8.0_152]
	at java.security.AccessController.doPrivileged(Native Method) ~[?:1.8.0_152]
	at sun.rmi.transport.Transport.serviceCall(Transport.java:196) ~[?:1.8.0_152]
	at sun.rmi.transport.tcp.TCPTransport.handleMessages(TCPTransport.java:568) ~[?:1.8.0_152]
	at sun.rmi.transport.tcp.TCPTransport$ConnectionHandler.run0(TCPTransport.java:826) ~[?:1.8.0_152]
	at sun.rmi.transport.tcp.TCPTransport$ConnectionHandler.lambda$run$0(TCPTransport.java:683) ~[?:1.8.0_152]
	at java.security.AccessController.doPrivileged(Native Method) [?:1.8.0_152]
	at sun.rmi.transport.tcp.TCPTransport$ConnectionHandler.run(TCPTransport.java:682) [?:1.8.0_152]
	at java.util.concurrent.ThreadPoolExecutor.runWorker(ThreadPoolExecutor.java:1149) [?:1.8.0_152]
	at java.util.concurrent.ThreadPoolExecutor$Worker.run(ThreadPoolExecutor.java:624) [?:1.8.0_152]
	at java.lang.Thread.run(Thread.java:748) [?:1.8.0_152]
Caused by: org.springframework.beans.factory.NoSuchBeanDefinitionException: No qualifying bean of type 'org.springframework.data.redis.core.RedisTemplate<?, ?>' available: expected at least 1 bean which qualifies as autowire candidate. Dependency annotations: {@org.springframework.beans.factory.annotation.Autowired(required=true)}
	at org.springframework.beans.factory.support.DefaultListableBeanFactory.raiseNoMatchingBeanFound(DefaultListableBeanFactory.java:1504) ~[spring-beans-5.0.2.RELEASE.jar:5.0.2.RELEASE]
	at org.springframework.beans.factory.support.DefaultListableBeanFactory.doResolveDependency(DefaultListableBeanFactory.java:1101) ~[spring-beans-5.0.2.RELEASE.jar:5.0.2.RELEASE]
	at org.springframework.beans.factory.support.DefaultListableBeanFactory.resolveDependency(DefaultListableBeanFactory.java:1062) ~[spring-beans-5.0.2.RELEASE.jar:5.0.2.RELEASE]
	at org.springframework.beans.factory.annotation.AutowiredAnnotationBeanPostProcessor$AutowiredFieldElement.inject(AutowiredAnnotationBeanPostProcessor.java:583) ~[spring-beans-5.0.2.RELEASE.jar:5.0.2.RELEASE]
	... 67 more
