2018-01-06 19:46:03.437 [http-nio-8080-exec-1] ERROR org.springframework.web.servlet.DispatcherServlet - Context initialization failed
org.springframework.beans.factory.BeanCreationException: Error creating bean with name 'org.springframework.validation.beanvalidation.LocalValidatorFactoryBean#0' defined in class path resource [springmvc-config.xml]: Initialization of bean failed; nested exception is org.springframework.beans.ConversionNotSupportedException: Failed to convert property value of type 'java.lang.String' to required type 'org.springframework.context.MessageSource' for property 'validationMessageSource'; nested exception is java.lang.IllegalStateException: Cannot convert value of type 'java.lang.String' to required type 'org.springframework.context.MessageSource' for property 'validationMessageSource': no matching editors or conversion strategy found
	at org.springframework.beans.factory.support.AbstractAutowireCapableBeanFactory.doCreateBean(AbstractAutowireCapableBeanFactory.java:591) ~[spring-beans-5.0.2.RELEASE.jar:5.0.2.RELEASE]
	at org.springframework.beans.factory.support.AbstractAutowireCapableBeanFactory.createBean(AbstractAutowireCapableBeanFactory.java:502) ~[spring-beans-5.0.2.RELEASE.jar:5.0.2.RELEASE]
	at org.springframework.beans.factory.support.AbstractBeanFactory.lambda$doGetBean$0(AbstractBeanFactory.java:312) ~[spring-beans-5.0.2.RELEASE.jar:5.0.2.RELEASE]
	at org.springframework.beans.factory.support.DefaultSingletonBeanRegistry.getSingleton(DefaultSingletonBeanRegistry.java:228) ~[spring-beans-5.0.2.RELEASE.jar:5.0.2.RELEASE]
	at org.springframework.beans.factory.support.AbstractBeanFactory.doGetBean(AbstractBeanFactory.java:310) ~[spring-beans-5.0.2.RELEASE.jar:5.0.2.RELEASE]
	at org.springframework.beans.factory.support.AbstractBeanFactory.getBean(AbstractBeanFactory.java:200) ~[spring-beans-5.0.2.RELEASE.jar:5.0.2.RELEASE]
	at org.springframework.beans.factory.support.DefaultListableBeanFactory.preInstantiateSingletons(DefaultListableBeanFactory.java:758) ~[spring-beans-5.0.2.RELEASE.jar:5.0.2.RELEASE]
	at org.springframework.context.support.AbstractApplicationContext.finishBeanFactoryInitialization(AbstractApplicationContext.java:868) ~[spring-context-5.0.2.RELEASE.jar:5.0.2.RELEASE]
	at org.springframework.context.support.AbstractApplicationContext.__refresh(AbstractApplicationContext.java:549) ~[spring-context-5.0.2.RELEASE.jar:5.0.2.RELEASE]
	at org.springframework.context.support.AbstractApplicationContext.refresh(AbstractApplicationContext.java) ~[spring-context-5.0.2.RELEASE.jar:5.0.2.RELEASE]
	at org.springframework.web.servlet.FrameworkServlet.configureAndRefreshWebApplicationContext(FrameworkServlet.java:676) ~[spring-webmvc-5.0.2.RELEASE.jar:5.0.2.RELEASE]
	at org.springframework.web.servlet.FrameworkServlet.createWebApplicationContext(FrameworkServlet.java:642) ~[spring-webmvc-5.0.2.RELEASE.jar:5.0.2.RELEASE]
	at org.springframework.web.servlet.FrameworkServlet.createWebApplicationContext(FrameworkServlet.java:690) ~[spring-webmvc-5.0.2.RELEASE.jar:5.0.2.RELEASE]
	at org.springframework.web.servlet.FrameworkServlet.initWebApplicationContext(FrameworkServlet.java:558) ~[spring-webmvc-5.0.2.RELEASE.jar:5.0.2.RELEASE]
	at org.springframework.web.servlet.FrameworkServlet.initServletBean(FrameworkServlet.java:499) [spring-webmvc-5.0.2.RELEASE.jar:5.0.2.RELEASE]
	at org.springframework.web.servlet.HttpServletBean.init(HttpServletBean.java:172) [spring-webmvc-5.0.2.RELEASE.jar:5.0.2.RELEASE]
	at javax.servlet.GenericServlet.init(GenericServlet.java:158) [servlet-api.jar:4.0.FR]
	at org.apache.catalina.core.StandardWrapper.initServlet(StandardWrapper.java:1174) [catalina.jar:9.0.2]
	at org.apache.catalina.core.StandardWrapper.loadServlet(StandardWrapper.java:1090) [catalina.jar:9.0.2]
	at org.apache.catalina.core.StandardWrapper.allocate(StandardWrapper.java:770) [catalina.jar:9.0.2]
	at org.apache.catalina.core.StandardWrapperValve.invoke(StandardWrapperValve.java:133) [catalina.jar:9.0.2]
	at org.apache.catalina.core.StandardContextValve.__invoke(StandardContextValve.java:96) [catalina.jar:9.0.2]
	at org.apache.catalina.core.StandardContextValve.invoke(StandardContextValve.java) [catalina.jar:9.0.2]
	at org.apache.catalina.authenticator.AuthenticatorBase.invoke(AuthenticatorBase.java:502) [catalina.jar:9.0.2]
	at org.apache.catalina.core.StandardHostValve.invoke(StandardHostValve.java:140) [catalina.jar:9.0.2]
	at org.apache.catalina.valves.ErrorReportValve.invoke(ErrorReportValve.java:81) [catalina.jar:9.0.2]
	at org.apache.catalina.valves.AbstractAccessLogValve.invoke(AbstractAccessLogValve.java:651) [catalina.jar:9.0.2]
	at org.apache.catalina.core.StandardEngineValve.invoke(StandardEngineValve.java:87) [catalina.jar:9.0.2]
	at org.apache.catalina.connector.CoyoteAdapter.service(CoyoteAdapter.java:342) [catalina.jar:9.0.2]
	at org.apache.coyote.http11.Http11Processor.service(Http11Processor.java:501) [tomcat-coyote.jar:9.0.2]
	at org.apache.coyote.AbstractProcessorLight.process(AbstractProcessorLight.java:66) [tomcat-coyote.jar:9.0.2]
	at org.apache.coyote.AbstractProtocol$ConnectionHandler.process(AbstractProtocol.java:754) [tomcat-coyote.jar:9.0.2]
	at org.apache.tomcat.util.net.NioEndpoint$SocketProcessor.doRun(NioEndpoint.java:1376) [tomcat-coyote.jar:9.0.2]
	at org.apache.tomcat.util.net.SocketProcessorBase.run(SocketProcessorBase.java:49) [tomcat-coyote.jar:9.0.2]
	at java.util.concurrent.ThreadPoolExecutor.runWorker(ThreadPoolExecutor.java:1149) [?:1.8.0_152]
	at java.util.concurrent.ThreadPoolExecutor$Worker.run(ThreadPoolExecutor.java:624) [?:1.8.0_152]
	at org.apache.tomcat.util.threads.TaskThread$WrappingRunnable.run(TaskThread.java:61) [tomcat-util.jar:9.0.2]
	at java.lang.Thread.run(Thread.java:748) [?:1.8.0_152]
Caused by: org.springframework.beans.ConversionNotSupportedException: Failed to convert property value of type 'java.lang.String' to required type 'org.springframework.context.MessageSource' for property 'validationMessageSource'; nested exception is java.lang.IllegalStateException: Cannot convert value of type 'java.lang.String' to required type 'org.springframework.context.MessageSource' for property 'validationMessageSource': no matching editors or conversion strategy found
	at org.springframework.beans.AbstractNestablePropertyAccessor.convertIfNecessary(AbstractNestablePropertyAccessor.java:590) ~[spring-beans-5.0.2.RELEASE.jar:5.0.2.RELEASE]
	at org.springframework.beans.AbstractNestablePropertyAccessor.convertForProperty(AbstractNestablePropertyAccessor.java:604) ~[spring-beans-5.0.2.RELEASE.jar:5.0.2.RELEASE]
	at org.springframework.beans.BeanWrapperImpl.convertForProperty(BeanWrapperImpl.java:219) ~[spring-beans-5.0.2.RELEASE.jar:5.0.2.RELEASE]
	at org.springframework.beans.factory.support.AbstractAutowireCapableBeanFactory.convertForProperty(AbstractAutowireCapableBeanFactory.java:1662) ~[spring-beans-5.0.2.RELEASE.jar:5.0.2.RELEASE]
	at org.springframework.beans.factory.support.AbstractAutowireCapableBeanFactory.applyPropertyValues(AbstractAutowireCapableBeanFactory.java:1618) ~[spring-beans-5.0.2.RELEASE.jar:5.0.2.RELEASE]
	at org.springframework.beans.factory.support.AbstractAutowireCapableBeanFactory.populateBean(AbstractAutowireCapableBeanFactory.java:1357) ~[spring-beans-5.0.2.RELEASE.jar:5.0.2.RELEASE]
	at org.springframework.beans.factory.support.AbstractAutowireCapableBeanFactory.doCreateBean(AbstractAutowireCapableBeanFactory.java:582) ~[spring-beans-5.0.2.RELEASE.jar:5.0.2.RELEASE]
	... 37 more
Caused by: java.lang.IllegalStateException: Cannot convert value of type 'java.lang.String' to required type 'org.springframework.context.MessageSource' for property 'validationMessageSource': no matching editors or conversion strategy found
	at org.springframework.beans.TypeConverterDelegate.convertIfNecessary(TypeConverterDelegate.java:299) ~[spring-beans-5.0.2.RELEASE.jar:5.0.2.RELEASE]
	at org.springframework.beans.AbstractNestablePropertyAccessor.convertIfNecessary(AbstractNestablePropertyAccessor.java:585) ~[spring-beans-5.0.2.RELEASE.jar:5.0.2.RELEASE]
	at org.springframework.beans.AbstractNestablePropertyAccessor.convertForProperty(AbstractNestablePropertyAccessor.java:604) ~[spring-beans-5.0.2.RELEASE.jar:5.0.2.RELEASE]
	at org.springframework.beans.BeanWrapperImpl.convertForProperty(BeanWrapperImpl.java:219) ~[spring-beans-5.0.2.RELEASE.jar:5.0.2.RELEASE]
	at org.springframework.beans.factory.support.AbstractAutowireCapableBeanFactory.convertForProperty(AbstractAutowireCapableBeanFactory.java:1662) ~[spring-beans-5.0.2.RELEASE.jar:5.0.2.RELEASE]
	at org.springframework.beans.factory.support.AbstractAutowireCapableBeanFactory.applyPropertyValues(AbstractAutowireCapableBeanFactory.java:1618) ~[spring-beans-5.0.2.RELEASE.jar:5.0.2.RELEASE]
	at org.springframework.beans.factory.support.AbstractAutowireCapableBeanFactory.populateBean(AbstractAutowireCapableBeanFactory.java:1357) ~[spring-beans-5.0.2.RELEASE.jar:5.0.2.RELEASE]
	at org.springframework.beans.factory.support.AbstractAutowireCapableBeanFactory.doCreateBean(AbstractAutowireCapableBeanFactory.java:582) ~[spring-beans-5.0.2.RELEASE.jar:5.0.2.RELEASE]
	... 37 more
